<?xml version="1.0" encoding="UTF-8"?>
<!-- Generated by org.testng.reporters.JUnitReportReporter -->
<testsuite hostname="LT-SVAI" failures="0" tests="1" name="APITest1.DeleteBooking1" time="5.531" errors="0" timestamp="2024-06-03T17:30:11 IST" skipped="0">
  <testcase classname="APITest1.DeleteBooking1" name="deleteBooking" time="5.531"/>
  <system-out/>
</testsuite> <!-- APITest1.DeleteBooking1 -->
