<?xml version="1.0" encoding="UTF-8"?>
<!-- Generated by org.testng.reporters.JUnitReportReporter -->
<testsuite hostname="LT-SVAI" failures="0" tests="1" name="APITest1.HealthCheck1" time="2.441" errors="0" timestamp="2024-06-05T16:00:00 IST" skipped="0">
  <testcase classname="APITest1.HealthCheck1" name="ApiTestMethod1" time="2.441"/>
  <system-out/>
</testsuite> <!-- APITest1.HealthCheck1 -->
