<?xml version="1.0" encoding="UTF-8"?>
<!-- Generated by org.testng.reporters.JUnitReportReporter -->
<testsuite hostname="LT-SVAI" failures="0" tests="1" name="APITest1.getBooking2" time="3.982" errors="0" timestamp="2024-06-06T17:12:18 IST" skipped="0">
  <testcase classname="APITest1.getBooking2" name="getBooking" time="3.982"/>
  <system-out/>
</testsuite> <!-- APITest1.getBooking2 -->
