<?xml version="1.0" encoding="UTF-8"?>
<!-- Generated by org.testng.reporters.JUnitReportReporter -->
<testsuite hostname="LT-SVAI" failures="0" tests="1" name="APITest1.PartialUpdateBooking1" time="4.235" errors="0" timestamp="2024-06-03T13:22:42 IST" skipped="0">
  <testcase classname="APITest1.PartialUpdateBooking1" name="partailUpdate" time="4.235"/>
  <system-out/>
</testsuite> <!-- APITest1.PartialUpdateBooking1 -->
