<?xml version="1.0" encoding="UTF-8"?>
<!-- Generated by org.testng.reporters.JUnitReportReporter -->
<testsuite hostname="LT-SVAI" failures="0" tests="1" name="APITest1.CreateBooking1" time="4.562" errors="0" timestamp="2024-06-05T19:30:07 IST" skipped="0">
  <testcase classname="APITest1.CreateBooking1" name="createBook" time="4.562"/>
  <system-out/>
</testsuite> <!-- APITest1.CreateBooking1 -->
