<?xml version="1.0" encoding="UTF-8"?>
<!-- Generated by org.testng.reporters.JUnitReportReporter -->
<testsuite hostname="LT-SVAI" failures="0" tests="1" name="APITest1.SchemaValidationTest" time="4.059" errors="0" timestamp="2024-06-05T19:10:33 IST" skipped="0">
  <testcase classname="APITest1.SchemaValidationTest" name="schemaValidate" time="4.059"/>
  <system-out/>
</testsuite> <!-- APITest1.SchemaValidationTest -->
