<?xml version="1.0" encoding="UTF-8"?>
<!-- Generated by org.testng.reporters.JUnitReportReporter -->
<testsuite hostname="LT-SVAI" failures="0" tests="1" name="APITest1.APIAuto1" time="2.460" errors="0" timestamp="2024-05-27T17:21:37 IST" skipped="0">
  <testcase classname="APITest1.APIAuto1" name="ApiTestMethod1" time="2.460"/>
  <system-out/>
</testsuite> <!-- APITest1.APIAuto1 -->
