<?xml version="1.0" encoding="UTF-8"?>
<!-- Generated by org.testng.reporters.JUnitReportReporter -->
<testsuite hostname="LT-SVAI" failures="0" tests="1" name="APITest1.UpdateBooking1" time="5.920" errors="0" timestamp="2024-06-05T18:56:32 IST" skipped="0">
  <testcase classname="APITest1.UpdateBooking1" name="updateBook" time="5.920"/>
  <system-out/>
</testsuite> <!-- APITest1.UpdateBooking1 -->
