<?xml version="1.0" encoding="UTF-8"?>
<!-- Generated by org.testng.reporters.JUnitReportReporter -->
<testsuite hostname="LT-SVAI" failures="0" tests="1" name="APITest1.dummy1" time="4.161" errors="0" timestamp="2024-06-05T15:41:42 IST" skipped="0">
  <testcase classname="APITest1.dummy1" name="practice1" time="4.161"/>
  <system-out/>
</testsuite> <!-- APITest1.dummy1 -->
